[2015-11-06 03:49:26] request.INFO: Matched route "homepage". {"route_parameters":{"_controller":"AppBundle\\Controller\\DefaultController::indexAction","_route":"homepage"},"request_uri":"http://localhost/BlogVoyage/web/"} []
[2015-11-06 03:49:26] security.DEBUG: Read existing security token from the session. {"key":"_security_default"} []
[2015-11-06 03:49:26] security.DEBUG: User was reloaded from a user provider. {"username":"admin","provider":"Symfony\\Component\\Security\\Core\\User\\InMemoryUserProvider"} []
[2015-11-06 03:49:26] request.CRITICAL: Uncaught PHP Exception Doctrine\ORM\ORMException: "Unknown Entity namespace alias 'BatistaBadelonBlogBundle'." at C:\wamp\www\BlogVoyage\vendor\doctrine\orm\lib\Doctrine\ORM\ORMException.php line 271 {"exception":"[object] (Doctrine\\ORM\\ORMException(code: 0): Unknown Entity namespace alias 'BatistaBadelonBlogBundle'. at C:\\wamp\\www\\BlogVoyage\\vendor\\doctrine\\orm\\lib\\Doctrine\\ORM\\ORMException.php:271)"} []
[2015-11-06 03:49:27] security.DEBUG: Stored the security token in the session. {"key":"_security_default"} []
[2015-11-06 03:49:41] request.INFO: Matched route "homepage". {"route_parameters":{"_controller":"AppBundle\\Controller\\DefaultController::indexAction","_route":"homepage"},"request_uri":"http://localhost/BlogVoyage/web/"} []
[2015-11-06 03:49:41] security.DEBUG: Read existing security token from the session. {"key":"_security_default"} []
[2015-11-06 03:49:41] security.DEBUG: User was reloaded from a user provider. {"username":"admin","provider":"Symfony\\Component\\Security\\Core\\User\\InMemoryUserProvider"} []
[2015-11-06 03:49:41] request.CRITICAL: Uncaught PHP Exception Doctrine\ORM\ORMException: "Unknown Entity namespace alias 'BatistaBadelonBlogBundle'." at C:\wamp\www\BlogVoyage\vendor\doctrine\orm\lib\Doctrine\ORM\ORMException.php line 271 {"exception":"[object] (Doctrine\\ORM\\ORMException(code: 0): Unknown Entity namespace alias 'BatistaBadelonBlogBundle'. at C:\\wamp\\www\\BlogVoyage\\vendor\\doctrine\\orm\\lib\\Doctrine\\ORM\\ORMException.php:271)"} []
[2015-11-06 03:49:41] security.DEBUG: Stored the security token in the session. {"key":"_security_default"} []
[2015-11-06 03:49:48] request.INFO: Matched route "homepage". {"route_parameters":{"_controller":"AppBundle\\Controller\\DefaultController::indexAction","_route":"homepage"},"request_uri":"http://localhost/BlogVoyage/web/"} []
[2015-11-06 03:49:48] security.DEBUG: Read existing security token from the session. {"key":"_security_default"} []
[2015-11-06 03:49:48] security.DEBUG: User was reloaded from a user provider. {"username":"admin","provider":"Symfony\\Component\\Security\\Core\\User\\InMemoryUserProvider"} []
[2015-11-06 03:49:48] request.CRITICAL: Uncaught PHP Exception Doctrine\ORM\ORMException: "Unknown Entity namespace alias 'BatistaBadelonBlogBundle'." at C:\wamp\www\BlogVoyage\vendor\doctrine\orm\lib\Doctrine\ORM\ORMException.php line 271 {"exception":"[object] (Doctrine\\ORM\\ORMException(code: 0): Unknown Entity namespace alias 'BatistaBadelonBlogBundle'. at C:\\wamp\\www\\BlogVoyage\\vendor\\doctrine\\orm\\lib\\Doctrine\\ORM\\ORMException.php:271)"} []
[2015-11-06 03:49:48] security.DEBUG: Stored the security token in the session. {"key":"_security_default"} []
[2015-11-18 18:13:54] request.INFO: Matched route "homepage". {"route_parameters":{"_controller":"AppBundle\\Controller\\DefaultController::indexAction","_route":"homepage"},"request_uri":"http://localhost/BlogVoyage/web/"} []
[2015-11-18 18:13:56] security.INFO: Populated the TokenStorage with an anonymous Token. [] []
[2015-11-18 18:14:01] request.CRITICAL: Uncaught PHP Exception Doctrine\ORM\ORMException: "Unknown Entity namespace alias 'BatistaBadelonBlogBundle'." at C:\wamp\www\BlogVoyage\vendor\doctrine\orm\lib\Doctrine\ORM\ORMException.php line 271 {"exception":"[object] (Doctrine\\ORM\\ORMException(code: 0): Unknown Entity namespace alias 'BatistaBadelonBlogBundle'. at C:\\wamp\\www\\BlogVoyage\\vendor\\doctrine\\orm\\lib\\Doctrine\\ORM\\ORMException.php:271)"} []
[2015-11-18 18:14:01] request.INFO: Matched route "homepage". {"route_parameters":{"_controller":"AppBundle\\Controller\\DefaultController::indexAction","_route":"homepage"},"request_uri":"http://localhost/BlogVoyage/web/"} []
[2015-11-18 18:14:01] security.INFO: Populated the TokenStorage with an anonymous Token. [] []
[2015-11-18 18:14:01] request.CRITICAL: Uncaught PHP Exception Doctrine\ORM\ORMException: "Unknown Entity namespace alias 'BatistaBadelonBlogBundle'." at C:\wamp\www\BlogVoyage\vendor\doctrine\orm\lib\Doctrine\ORM\ORMException.php line 271 {"exception":"[object] (Doctrine\\ORM\\ORMException(code: 0): Unknown Entity namespace alias 'BatistaBadelonBlogBundle'. at C:\\wamp\\www\\BlogVoyage\\vendor\\doctrine\\orm\\lib\\Doctrine\\ORM\\ORMException.php:271)"} []
[2015-11-29 14:33:10] request.INFO: Matched route "homepage". {"route_parameters":{"_controller":"AppBundle\\Controller\\DefaultController::indexAction","_route":"homepage"},"request_uri":"http://localhost/BlogVoyage/web/app.php/"} []
[2015-11-29 14:33:11] security.INFO: Populated the TokenStorage with an anonymous Token. [] []
[2015-11-29 14:33:14] request.CRITICAL: Uncaught PHP Exception Doctrine\ORM\ORMException: "Unknown Entity namespace alias 'BatistaBadelonBlogBundle'." at C:\wamp\www\BlogVoyage\vendor\doctrine\orm\lib\Doctrine\ORM\ORMException.php line 271 {"exception":"[object] (Doctrine\\ORM\\ORMException(code: 0): Unknown Entity namespace alias 'BatistaBadelonBlogBundle'. at C:\\wamp\\www\\BlogVoyage\\vendor\\doctrine\\orm\\lib\\Doctrine\\ORM\\ORMException.php:271)"} []
